<?xml version="1.0" encoding="UTF-8"?>
<!-- Generated by org.testng.reporters.JUnitXMLReporter -->
<testsuite hostname="Sandeep-PC" name="Default test" tests="10" failures="0" timestamp="15 Jun 2019 17:57:53 GMT" time="68.068" errors="0">
  <testcase name="loginwithValidds" time="7.088" classname="com.model.task.DataDrivenFB"/>
  <testcase name="loginwithValidds" time="5.083" classname="com.model.task.DataDrivenFB"/>
  <testcase name="loginwithValidds" time="4.708" classname="com.model.task.DataDrivenFB"/>
  <testcase name="loginwithValidds" time="4.808" classname="com.model.task.DataDrivenFB"/>
  <testcase name="loginwithValidds" time="4.798" classname="com.model.task.DataDrivenFB"/>
  <testcase name="loginwithValidds" time="4.869" classname="com.model.task.DataDrivenFB"/>
  <testcase name="loginwithValidds" time="4.741" classname="com.model.task.DataDrivenFB"/>
  <testcase name="loginwithValidds" time="4.882" classname="com.model.task.DataDrivenFB"/>
  <testcase name="loginwithValidds" time="4.704" classname="com.model.task.DataDrivenFB"/>
  <testcase name="loginwithValidds" time="4.842" classname="com.model.task.DataDrivenFB"/>
</testsuite> <!-- Default test -->
